<?xml version="1.0" encoding="UTF-8"?>
<!-- Generated by org.testng.reporters.JUnitXMLReporter -->
<testsuite hostname="USHYDSHMURAL5" ignored="1" name="Default test" tests="5" failures="0" timestamp="2019-11-20T17:24:42 IST" time="10.717" errors="0">
  <testcase name="checkContentEncoding" time="0.006" classname="com.DEvents.tests.TestAPI_GetParticipants"/>
  <testcase name="checkContentType" time="0.001" classname="com.DEvents.tests.TestAPI_GetParticipants"/>
  <testcase name="checkStatusCode" time="0.002" classname="com.DEvents.tests.TestAPI_GetParticipants"/>
  <testcase name="checkResponseTime" time="0.0" classname="com.DEvents.tests.TestAPI_GetParticipants"/>
  <testcase name="validateJSONSchema" time="1.187" classname="com.DEvents.tests.TestAPI_GetParticipants"/>
  <testcase name="checkResponseBody" time="0.0" classname="com.DEvents.tests.TestAPI_GetParticipants">
    <ignored/>
  </testcase> <!-- checkResponseBody -->
</testsuite> <!-- Default test -->
