<?xml version="1.0" encoding="UTF-8"?>
<!-- Generated by org.testng.reporters.JUnitXMLReporter -->
<testsuite hostname="USHYDSHMURAL5" ignored="0" name="DEvents_API_Tests" tests="6" failures="1" timestamp="2019-11-11T22:44:50 IST" time="14.649" errors="0">
  <testcase name="checkContentEncoding" time="0.008" classname="com.DEvents.tests.TestAPI_GetParticipants"/>
  <testcase name="checkContentType" time="0.001" classname="com.DEvents.tests.TestAPI_GetParticipants"/>
  <testcase name="checkStatusCode" time="0.001" classname="com.DEvents.tests.TestAPI_GetParticipants"/>
  <testcase name="checkResponseTime" time="0.003" classname="com.DEvents.tests.TestAPI_GetParticipants"/>
  <testcase name="validateJSONSchema" time="1.15" classname="com.DEvents.tests.TestAPI_GetParticipants"/>
  <testcase name="checkResponseBody" time="4.509" classname="com.DEvents.tests.TestAPI_GetParticipants">
    <failure type="java.lang.AssertionError" message="Found mismatch between Json output and Database results did not expect to find [true] but found [false]">
      <![CDATA[java.lang.AssertionError: Found mismatch between Json output and Database results did not expect to find [true] but found [false]
at com.DEvents.tests.TestAPI_GetParticipants.checkResponseBody(TestAPI_GetParticipants.java:117)
at java.util.concurrent.ThreadPoolExecutor.runWorker(ThreadPoolExecutor.java:1149)
at java.util.concurrent.ThreadPoolExecutor$Worker.run(ThreadPoolExecutor.java:624)
at java.lang.Thread.run(Thread.java:748)
... Removed 15 stack frames]]>
    </failure>
  </testcase> <!-- checkResponseBody -->
</testsuite> <!-- DEvents_API_Tests -->
