<?xml version="1.0" encoding="UTF-8"?>
<!-- Generated by org.testng.reporters.JUnitXMLReporter -->
<testsuite hostname="USHYDSHMURAL5" ignored="0" name="restassuredTest" tests="5" failures="0" timestamp="2019-10-21T16:08:14 IST" time="5.357" errors="0">
  <testcase name="checkContentEncoding" time="0.004" classname="com.DEvents.tests.TestAPI_GetParticipants"/>
  <testcase name="checkContentType" time="0.001" classname="com.DEvents.tests.TestAPI_GetParticipants"/>
  <testcase name="checkStatusCode" time="0.006" classname="com.DEvents.tests.TestAPI_GetParticipants"/>
  <testcase name="checkResponseBody" time="0.015" classname="com.DEvents.tests.TestAPI_GetParticipants"/>
  <testcase name="checkResponseTime" time="0.0" classname="com.DEvents.tests.TestAPI_GetParticipants"/>
</testsuite> <!-- restassuredTest -->
