<?xml version="1.0" encoding="UTF-8"?>
<!-- Generated by org.testng.reporters.JUnitXMLReporter -->
<testsuite hostname="USHYDSHMURAL5" ignored="0" name="DEvents_API_Tests" tests="6" failures="1" timestamp="2019-11-12T11:49:31 IST" time="31.639" errors="0">
  <testcase name="checkContentEncoding" time="0.002" classname="com.DEvents.tests.TestAPI_GetParticipants"/>
  <testcase name="checkContentType" time="0.0" classname="com.DEvents.tests.TestAPI_GetParticipants"/>
  <testcase name="checkStatusCode" time="0.0" classname="com.DEvents.tests.TestAPI_GetParticipants"/>
  <testcase name="checkResponseTime" time="0.0" classname="com.DEvents.tests.TestAPI_GetParticipants"/>
  <testcase name="validateJSONSchema" time="1.045" classname="com.DEvents.tests.TestAPI_GetParticipants"/>
  <testcase name="checkResponseBody" time="21.273" classname="com.DEvents.tests.TestAPI_GetParticipants">
    <failure type="java.lang.IllegalStateException" message="DB hit failed.">
      <![CDATA[java.lang.IllegalStateException: DB hit failed.
at com.DEvents.coreFramework.DBConnectivity.dbResultSet2xlsx(DBConnectivity.java:164)
at com.DEvents.tests.TestAPI_GetParticipants.checkResponseBody(TestAPI_GetParticipants.java:115)
at java.util.concurrent.ThreadPoolExecutor.runWorker(ThreadPoolExecutor.java:1149)
at java.util.concurrent.ThreadPoolExecutor$Worker.run(ThreadPoolExecutor.java:624)
at java.lang.Thread.run(Thread.java:748)
... Removed 12 stack frames]]>
    </failure>
  </testcase> <!-- checkResponseBody -->
</testsuite> <!-- DEvents_API_Tests -->
