<?xml version="1.0" encoding="UTF-8"?>
<!-- Generated by org.testng.reporters.JUnitXMLReporter -->
<testsuite hostname="USHYDSHMURAL5" ignored="3" name="DEvents_API_Tests" tests="11" failures="1" timestamp="2019-11-20T19:27:07 IST" time="38.695" errors="0">
  <testcase name="checkContentEncoding" time="0.003" classname="com.DEvents.tests.TestAPI_GetParticipants"/>
  <testcase name="checkContentType" time="0.0" classname="com.DEvents.tests.TestAPI_GetParticipants"/>
  <testcase name="checkStatusCode" time="0.0" classname="com.DEvents.tests.TestAPI_GetParticipants"/>
  <testcase name="checkResponseTime" time="0.0" classname="com.DEvents.tests.TestAPI_GetParticipants"/>
  <testcase name="validateJSONSchema" time="1.223" classname="com.DEvents.tests.TestAPI_GetParticipants"/>
  <testcase name="checkContentEncoding" time="0.0" classname="com.DEvents.tests.TestAPI_GetParticipants_demo"/>
  <testcase name="checkContentType" time="0.0" classname="com.DEvents.tests.TestAPI_GetParticipants_demo"/>
  <testcase name="checkStatusCode" time="0.0" classname="com.DEvents.tests.TestAPI_GetParticipants_demo"/>
  <testcase name="checkResponseTime" time="0.0" classname="com.DEvents.tests.TestAPI_GetParticipants_demo"/>
  <testcase name="validateJSONSchema" time="0.008" classname="com.DEvents.tests.TestAPI_GetParticipants_demo"/>
  <testcase name="checkResponseBody" time="22.596" classname="com.DEvents.tests.TestAPI_GetParticipants_demo">
    <failure type="java.lang.IllegalStateException" message="DB hit failed.">
      <![CDATA[java.lang.IllegalStateException: DB hit failed.
at com.DEvents.coreFramework.DBConnectivity.dbResultSet2xlsx(DBConnectivity.java:164)
at com.DEvents.tests.TestAPI_GetParticipants_demo.checkResponseBody(TestAPI_GetParticipants_demo.java:119)
at java.util.ArrayList.forEach(Unknown Source)
... Removed 31 stack frames]]>
    </failure>
  </testcase> <!-- checkResponseBody -->
  <testcase name="@BeforeSuite setup" time="0.0" classname="com.DEvents.coreFramework.TestBase">
    <ignored/>
  </testcase> <!-- @BeforeSuite setup -->
  <testcase name="checkResponseBody" time="0.0" classname="com.DEvents.tests.TestAPI_GetParticipants">
    <ignored/>
  </testcase> <!-- checkResponseBody -->
  <testcase name="@AfterSuite fullteardown" time="0.0" classname="com.DEvents.coreFramework.TestBase">
    <ignored/>
  </testcase> <!-- @AfterSuite fullteardown -->
</testsuite> <!-- DEvents_API_Tests -->
