-------------------------------------------------------------------------------
Test set: TestSuite
-------------------------------------------------------------------------------
Tests run: 11, Failures: 1, Errors: 0, Skipped: 0, Time elapsed: 39.741 s <<< FAILURE! - in TestSuite
checkResponseBody(com.DEvents.tests.TestAPI_GetParticipants_demo)  Time elapsed: 22.622 s  <<< FAILURE!
java.lang.IllegalStateException: DB hit failed.
	at com.DEvents.tests.TestAPI_GetParticipants_demo.checkResponseBody(TestAPI_GetParticipants_demo.java:119)

