-------------------------------------------------------------------------------
Test set: TestSuite
-------------------------------------------------------------------------------
Tests run: 6, Failures: 1, Errors: 0, Skipped: 0, Time elapsed: 32.428 s <<< FAILURE! - in TestSuite
checkResponseBody(com.DEvents.tests.TestAPI_GetParticipants)  Time elapsed: 21.291 s  <<< FAILURE!
java.lang.IllegalStateException: DB hit failed.
	at com.DEvents.tests.TestAPI_GetParticipants.checkResponseBody(TestAPI_GetParticipants.java:115)

